TN:
SF:/Users/jinwooseong/Developer/Hackathon/2023ScalingEth/DAOFetcher/contracts/contracts/DAOServer.sol
FN:30,onlyAdmin
FN:35,constructor
FN:61,addNewMembershipType
FN:74,mintAdmin
FN:78,mintNoneAdminMembership
FN:88,mintMembership
FN:99,getAllMembershipTypes
FN:103,isUserMember
FN:108,isTokenExpired
FN:112,getTokenExpireDate
FNF:10
FNH:10
FNDA:192,onlyAdmin
FNDA:48,constructor
FNDA:144,addNewMembershipType
FNDA:48,mintAdmin
FNDA:68,mintNoneAdminMembership
FNDA:115,mintMembership
FNDA:72,getAllMembershipTypes
FNDA:12,isUserMember
FNDA:13,isTokenExpired
FNDA:1,getTokenExpireDate
DA:31,192
DA:32,192
DA:46,48
DA:48,48
DA:49,48
DA:51,48
DA:52,48
DA:53,48
DA:54,48
DA:56,48
DA:57,96
DA:62,144
DA:63,144
DA:71,144
DA:75,48
DA:79,68
DA:80,68
DA:81,67
DA:82,67
DA:83,0
DA:85,67
DA:89,115
DA:90,115
DA:91,115
DA:92,115
DA:93,115
DA:94,115
DA:95,115
DA:96,115
DA:100,72
DA:104,12
DA:105,12
DA:109,13
DA:113,1
DA:114,1
DA:116,0
LF:36
LH:34
BRDA:31,1,0,192
BRDA:31,1,1,0
BRDA:46,2,0,48
BRDA:46,2,1,0
BRDA:79,3,0,68
BRDA:79,3,1,0
BRDA:80,4,0,67
BRDA:80,4,1,1
BRDA:81,5,0,67
BRDA:81,5,1,0
BRDA:82,6,0,0
BRDA:82,6,1,67
BRDA:83,7,0,0
BRDA:83,7,1,0
BRDA:113,8,0,1
BRDA:113,8,1,0
BRF:16
BRH:8
end_of_record
TN:
SF:/Users/jinwooseong/Developer/Hackathon/2023ScalingEth/DAOFetcher/contracts/contracts/DAOServerFactory.sol
FN:15,createDAOServer
FN:39,getAllDAOServers
FN:43,getDAOServersLength
FN:47,getUserDAOServerRelations
FNF:4
FNH:3
FNDA:48,createDAOServer
FNDA:14,getAllDAOServers
FNDA:0,getDAOServersLength
FNDA:2,getUserDAOServerRelations
DA:25,48
DA:36,48
DA:40,14
DA:44,0
DA:48,2
DA:50,2
DA:51,12
DA:52,12
DA:53,12
DA:54,12
DA:55,12
DA:59,2
LF:12
LH:11
BRDA:52,1,0,12
BRDA:52,1,1,0
BRF:2
BRH:1
end_of_record
TN:
SF:/Users/jinwooseong/Developer/Hackathon/2023ScalingEth/DAOFetcher/contracts/contracts/NFTMembership.sol
FN:7,constructor
FN:9,mintToken
FN:13,setTokenURI
FN:17,exists
FNF:4
FNH:4
FNDA:144,constructor
FNDA:115,mintToken
FNDA:115,setTokenURI
FNDA:12,exists
DA:10,115
DA:14,115
DA:18,12
LF:3
LH:3
BRF:0
BRH:0
end_of_record
