{"contracts/DAOServer.sol":{"l":{"31":192,"32":192,"46":48,"48":48,"49":48,"51":48,"52":48,"53":48,"54":48,"56":48,"57":96,"62":144,"63":144,"71":144,"75":48,"79":68,"80":68,"81":67,"82":67,"83":0,"85":67,"89":115,"90":115,"91":115,"92":115,"93":115,"94":115,"95":115,"96":115,"100":72,"104":12,"105":12,"109":13,"113":1,"114":1,"116":0},"path":"/Users/jinwooseong/Developer/Hackathon/2023ScalingEth/DAOFetcher/contracts/contracts/DAOServer.sol","s":{"1":192,"2":48,"3":48,"4":48,"5":48,"6":48,"7":48,"8":48,"9":48,"10":96,"11":144,"12":144,"13":144,"14":48,"15":68,"16":68,"17":67,"18":67,"19":0,"20":67,"21":115,"22":115,"23":115,"24":115,"25":115,"26":115,"27":115,"28":72,"29":12,"30":12,"31":13,"32":1,"33":1,"34":0},"b":{"1":[192,0],"2":[48,0],"3":[68,0],"4":[67,1],"5":[67,0],"6":[0,67],"7":[0,0],"8":[1,0]},"f":{"1":192,"2":48,"3":144,"4":48,"5":68,"6":115,"7":72,"8":12,"9":13,"10":1},"fnMap":{"1":{"name":"onlyAdmin","line":30,"loc":{"start":{"line":30,"column":4},"end":{"line":33,"column":4}}},"2":{"name":"constructor","line":35,"loc":{"start":{"line":35,"column":4},"end":{"line":59,"column":4}}},"3":{"name":"addNewMembershipType","line":61,"loc":{"start":{"line":61,"column":4},"end":{"line":72,"column":4}}},"4":{"name":"mintAdmin","line":74,"loc":{"start":{"line":74,"column":4},"end":{"line":76,"column":4}}},"5":{"name":"mintNoneAdminMembership","line":78,"loc":{"start":{"line":78,"column":4},"end":{"line":86,"column":4}}},"6":{"name":"mintMembership","line":88,"loc":{"start":{"line":88,"column":4},"end":{"line":97,"column":4}}},"7":{"name":"getAllMembershipTypes","line":99,"loc":{"start":{"line":99,"column":4},"end":{"line":101,"column":4}}},"8":{"name":"isUserMember","line":103,"loc":{"start":{"line":103,"column":4},"end":{"line":106,"column":4}}},"9":{"name":"isTokenExpired","line":108,"loc":{"start":{"line":108,"column":4},"end":{"line":110,"column":4}}},"10":{"name":"getTokenExpireDate","line":112,"loc":{"start":{"line":112,"column":4},"end":{"line":118,"column":4}}}},"statementMap":{"1":{"start":{"line":31,"column":8},"end":{"line":31,"column":80}},"2":{"start":{"line":46,"column":8},"end":{"line":46,"column":225}},"3":{"start":{"line":48,"column":8},"end":{"line":48,"column":25}},"4":{"start":{"line":49,"column":8},"end":{"line":49,"column":39}},"5":{"start":{"line":51,"column":8},"end":{"line":51,"column":34}},"6":{"start":{"line":52,"column":8},"end":{"line":52,"column":21}},"7":{"start":{"line":53,"column":8},"end":{"line":53,"column":80}},"8":{"start":{"line":54,"column":8},"end":{"line":54,"column":23}},"9":{"start":{"line":56,"column":8},"end":{"line":56,"column":1770}},"10":{"start":{"line":57,"column":12},"end":{"line":57,"column":104}},"11":{"start":{"line":62,"column":8},"end":{"line":62,"column":66}},"12":{"start":{"line":63,"column":8},"end":{"line":63,"column":2182}},"13":{"start":{"line":71,"column":8},"end":{"line":71,"column":46}},"14":{"start":{"line":75,"column":8},"end":{"line":75,"column":29}},"15":{"start":{"line":79,"column":8},"end":{"line":79,"column":74}},"16":{"start":{"line":80,"column":8},"end":{"line":80,"column":82}},"17":{"start":{"line":81,"column":8},"end":{"line":81,"column":46}},"18":{"start":{"line":82,"column":8},"end":{"line":82,"column":2889}},"19":{"start":{"line":83,"column":12},"end":{"line":83,"column":124}},"20":{"start":{"line":85,"column":8},"end":{"line":85,"column":33}},"21":{"start":{"line":89,"column":8},"end":{"line":89,"column":72}},"22":{"start":{"line":90,"column":8},"end":{"line":90,"column":59}},"23":{"start":{"line":91,"column":8},"end":{"line":91,"column":89}},"24":{"start":{"line":92,"column":8},"end":{"line":92,"column":70}},"25":{"start":{"line":93,"column":8},"end":{"line":93,"column":53}},"26":{"start":{"line":94,"column":8},"end":{"line":94,"column":38}},"27":{"start":{"line":95,"column":8},"end":{"line":95,"column":43}},"28":{"start":{"line":100,"column":8},"end":{"line":100,"column":30}},"29":{"start":{"line":104,"column":8},"end":{"line":104,"column":106}},"30":{"start":{"line":105,"column":8},"end":{"line":105,"column":69}},"31":{"start":{"line":109,"column":8},"end":{"line":109,"column":62}},"32":{"start":{"line":113,"column":8},"end":{"line":113,"column":4350}},"33":{"start":{"line":114,"column":12},"end":{"line":114,"column":48}},"34":{"start":{"line":116,"column":12},"end":{"line":116,"column":20}}},"branchMap":{"1":{"line":31,"type":"if","locations":[{"start":{"line":31,"column":8},"end":{"line":31,"column":8}},{"start":{"line":31,"column":8},"end":{"line":31,"column":8}}]},"2":{"line":46,"type":"if","locations":[{"start":{"line":46,"column":8},"end":{"line":46,"column":8}},{"start":{"line":46,"column":8},"end":{"line":46,"column":8}}]},"3":{"line":79,"type":"if","locations":[{"start":{"line":79,"column":8},"end":{"line":79,"column":8}},{"start":{"line":79,"column":8},"end":{"line":79,"column":8}}]},"4":{"line":80,"type":"if","locations":[{"start":{"line":80,"column":8},"end":{"line":80,"column":8}},{"start":{"line":80,"column":8},"end":{"line":80,"column":8}}]},"5":{"line":81,"type":"if","locations":[{"start":{"line":81,"column":8},"end":{"line":81,"column":8}},{"start":{"line":81,"column":8},"end":{"line":81,"column":8}}]},"6":{"line":82,"type":"if","locations":[{"start":{"line":82,"column":8},"end":{"line":82,"column":8}},{"start":{"line":82,"column":8},"end":{"line":82,"column":8}}]},"7":{"line":83,"type":"if","locations":[{"start":{"line":83,"column":12},"end":{"line":83,"column":12}},{"start":{"line":83,"column":12},"end":{"line":83,"column":12}}]},"8":{"line":113,"type":"if","locations":[{"start":{"line":113,"column":8},"end":{"line":113,"column":8}},{"start":{"line":113,"column":8},"end":{"line":113,"column":8}}]}}},"contracts/DAOServerFactory.sol":{"l":{"25":48,"36":48,"40":14,"44":0,"48":2,"50":2,"51":12,"52":12,"53":12,"54":12,"55":12,"59":2},"path":"/Users/jinwooseong/Developer/Hackathon/2023ScalingEth/DAOFetcher/contracts/contracts/DAOServerFactory.sol","s":{"1":48,"2":48,"3":14,"4":0,"5":2,"6":2,"7":12,"8":12,"9":12,"10":12,"11":12,"12":2},"b":{"1":[12,0]},"f":{"1":48,"2":14,"3":0,"4":2},"fnMap":{"1":{"name":"createDAOServer","line":15,"loc":{"start":{"line":15,"column":4},"end":{"line":37,"column":4}}},"2":{"name":"getAllDAOServers","line":39,"loc":{"start":{"line":39,"column":4},"end":{"line":41,"column":4}}},"3":{"name":"getDAOServersLength","line":43,"loc":{"start":{"line":43,"column":4},"end":{"line":45,"column":4}}},"4":{"name":"getUserDAOServerRelations","line":47,"loc":{"start":{"line":47,"column":4},"end":{"line":60,"column":4}}}},"statementMap":{"1":{"start":{"line":25,"column":8},"end":{"line":25,"column":628}},"2":{"start":{"line":36,"column":8},"end":{"line":36,"column":45}},"3":{"start":{"line":40,"column":8},"end":{"line":40,"column":25}},"4":{"start":{"line":44,"column":8},"end":{"line":44,"column":32}},"5":{"start":{"line":48,"column":8},"end":{"line":48,"column":89}},"6":{"start":{"line":50,"column":8},"end":{"line":50,"column":1370}},"7":{"start":{"line":51,"column":12},"end":{"line":51,"column":58}},"8":{"start":{"line":52,"column":12},"end":{"line":52,"column":1493}},"9":{"start":{"line":53,"column":16},"end":{"line":53,"column":58}},"10":{"start":{"line":54,"column":16},"end":{"line":54,"column":84}},"11":{"start":{"line":55,"column":16},"end":{"line":55,"column":80}},"12":{"start":{"line":59,"column":8},"end":{"line":59,"column":28}}},"branchMap":{"1":{"line":52,"type":"if","locations":[{"start":{"line":52,"column":12},"end":{"line":52,"column":12}},{"start":{"line":52,"column":12},"end":{"line":52,"column":12}}]}}},"contracts/NFTMembership.sol":{"l":{"10":115,"14":115,"18":12},"path":"/Users/jinwooseong/Developer/Hackathon/2023ScalingEth/DAOFetcher/contracts/contracts/NFTMembership.sol","s":{"1":115,"2":115,"3":12},"b":{},"f":{"1":144,"2":115,"3":115,"4":12},"fnMap":{"1":{"name":"constructor","line":7,"loc":{"start":{"line":7,"column":4},"end":{"line":7,"column":80}}},"2":{"name":"mintToken","line":9,"loc":{"start":{"line":9,"column":4},"end":{"line":11,"column":4}}},"3":{"name":"setTokenURI","line":13,"loc":{"start":{"line":13,"column":4},"end":{"line":15,"column":4}}},"4":{"name":"exists","line":17,"loc":{"start":{"line":17,"column":4},"end":{"line":19,"column":4}}}},"statementMap":{"1":{"start":{"line":10,"column":8},"end":{"line":10,"column":27}},"2":{"start":{"line":14,"column":8},"end":{"line":14,"column":40}},"3":{"start":{"line":18,"column":8},"end":{"line":18,"column":32}}},"branchMap":{}}}